<?xml version="1.0" encoding="UTF-8"?>
<testsuites name="jest tests" tests="2" failures="2" time="14.854">
  <testsuite name="Query.chat" errors="0" failures="1" skipped="0" timestamp="2020-09-25T14:00:48" time="5.515" tests="1">
    <testcase classname="Query.chat should fetch specified chat" name="Query.chat should fetch specified chat" time="0.055">
      <failure>Error: expect(received).toMatchSnapshot()

Snapshot name: `Query.chat should fetch specified chat 1`

- Snapshot  - 1
+ Received  + 1

@@ -1,11 +1,11 @@
  Object {
    &quot;chat&quot;: Object {
      &quot;id&quot;: &quot;1&quot;,
      &quot;lastMessage&quot;: Object {
        &quot;content&quot;: &quot;You on your way?&quot;,
-       &quot;createdAt&quot;: 2020-09-17T07:21:32.639Z,
+       &quot;createdAt&quot;: 2020-09-24T21:20:54.286Z,
        &quot;id&quot;: &quot;1&quot;,
      },
      &quot;name&quot;: &quot;Ethan Gonzales&quot;,
      &quot;picture&quot;: &quot;https://randomuser.me/api/portraits/thumb/men/1.jpg&quot;,
    },
    at Object.&lt;anonymous&gt; (/home/seimori/projects/whatsapp-clone/whatsapp-clone-server/tests/queries/getChat.test.ts:31:22)
    at processTicksAndRejections (internal/process/task_queues.js:93:5)</failure>
    </testcase>
  </testsuite>
  <testsuite name="Query.chats" errors="0" failures="1" skipped="0" timestamp="2020-09-25T14:00:48" time="5.518" tests="1">
    <testcase classname="Query.chats should fetch all chats" name="Query.chats should fetch all chats" time="0.058">
      <failure>Error: expect(received).toMatchSnapshot()

Snapshot name: `Query.chats should fetch all chats 1`

- Snapshot  - 4
+ Received  + 4

@@ -2,41 +2,41 @@
    &quot;chats&quot;: Array [
      Object {
        &quot;id&quot;: &quot;1&quot;,
        &quot;lastMessage&quot;: Object {
          &quot;content&quot;: &quot;You on your way?&quot;,
-         &quot;createdAt&quot;: 2020-09-15T00:41:17.450Z,
+         &quot;createdAt&quot;: 2020-09-24T21:20:54.286Z,
          &quot;id&quot;: &quot;1&quot;,
        },
        &quot;name&quot;: &quot;Ethan Gonzales&quot;,
        &quot;picture&quot;: &quot;https://randomuser.me/api/portraits/thumb/men/1.jpg&quot;,
      },
      Object {
        &quot;id&quot;: &quot;2&quot;,
        &quot;lastMessage&quot;: Object {
          &quot;content&quot;: &quot;Hey, it&apos;s me&quot;,
-         &quot;createdAt&quot;: 2020-09-14T08:01:17.450Z,
+         &quot;createdAt&quot;: 2020-09-24T04:40:54.286Z,
          &quot;id&quot;: &quot;2&quot;,
        },
        &quot;name&quot;: &quot;Bryan Wallace&quot;,
        &quot;picture&quot;: &quot;https://randomuser.me/api/portraits/thumb/men/2.jpg&quot;,
      },
      Object {
        &quot;id&quot;: &quot;3&quot;,
        &quot;lastMessage&quot;: Object {
          &quot;content&quot;: &quot;I should buy a boat&quot;,
-         &quot;createdAt&quot;: 2020-08-30T01:21:17.450Z,
+         &quot;createdAt&quot;: 2020-09-08T22:00:54.286Z,
          &quot;id&quot;: &quot;3&quot;,
        },
        &quot;name&quot;: &quot;Avery Stewart&quot;,
        &quot;picture&quot;: &quot;https://randomuser.me/api/portraits/thumb/women/1.jpg&quot;,
      },
      Object {
        &quot;id&quot;: &quot;4&quot;,
        &quot;lastMessage&quot;: Object {
          &quot;content&quot;: &quot;This is wicked good ice cream&quot;,
-         &quot;createdAt&quot;: 2020-09-11T20:01:17.450Z,
+         &quot;createdAt&quot;: 2020-09-21T16:40:54.286Z,
          &quot;id&quot;: &quot;4&quot;,
        },
        &quot;name&quot;: &quot;Katie Peterson&quot;,
        &quot;picture&quot;: &quot;https://randomuser.me/api/portraits/thumb/women/2.jpg&quot;,
      },
    at Object.&lt;anonymous&gt; (/home/seimori/projects/whatsapp-clone/whatsapp-clone-server/tests/queries/getChats.test.ts:30:22)
    at processTicksAndRejections (internal/process/task_queues.js:93:5)</failure>
    </testcase>
  </testsuite>
</testsuites>